<?xml version="1.0" encoding="UTF-8"?>
<testsuite name="com.reimbes.AdminControllerTest" time="0.376" tests="1" errors="0" skipped="0" failures="1">
  <properties>
[...]
</properties>
  <testcase name="givenListOfUsers_whenGetAllUsers" classname="com.reimbes.AdminControllerTest" time="0.376">
    <failure message="No value at JSON path &quot;data&quot;, exception: json can not be null or empty" type="java.lang.AssertionError">java.lang.AssertionError: No value at JSON path "data", exception: json can not be null or empty
	at org.springframework.test.util.JsonPathExpectationsHelper.evaluateJsonPath(JsonPathExpectationsHelper.java:245)
	at org.springframework.test.util.JsonPathExpectationsHelper.assertValue(JsonPathExpectationsHelper.java:73)
	at org.springframework.test.web.servlet.result.JsonPathResultMatchers$1.match(JsonPathResultMatchers.java:86)
	at org.springframework.test.web.servlet.MockMvc$1.andExpect(MockMvc.java:171)
	at com.reimbes.AdminControllerTest.givenListOfUsers_whenGetAllUsers(AdminControllerTest.java:63)
</failure>
    <system-out><![CDATA[02:52:29.458 [main] DEBUG org.springframework.test.context.junit4.SpringJUnit4ClassRunner - SpringJUnit4ClassRunner constructor called with [class com.reimbes.AdminControllerTest]
02:52:29.474 [main] DEBUG org.springframework.test.context.BootstrapUtils - Instantiating CacheAwareContextLoaderDelegate from class [org.springframework.test.context.cache.DefaultCacheAwareContextLoaderDelegate]
02:52:29.497 [main] DEBUG org.springframework.test.context.BootstrapUtils - Instantiating BootstrapContext using constructor [public org.springframework.test.context.support.DefaultBootstrapContext(java.lang.Class,org.springframework.test.context.CacheAwareContextLoaderDelegate)]
02:52:29.551 [main] DEBUG org.springframework.test.context.BootstrapUtils - Instantiating TestContextBootstrapper for test class [com.reimbes.AdminControllerTest] from class [org.springframework.boot.test.autoconfigure.web.servlet.WebMvcTestContextBootstrapper]
02:52:29.601 [main] INFO org.springframework.boot.test.autoconfigure.web.servlet.WebMvcTestContextBootstrapper - Neither @ContextConfiguration nor @ContextHierarchy found for test class [com.reimbes.AdminControllerTest], using SpringBootContextLoader
02:52:29.617 [main] DEBUG org.springframework.test.context.support.AbstractContextLoader - Did not detect default resource location for test class [com.reimbes.AdminControllerTest]: class path resource [com/reimbes/AdminControllerTest-context.xml] does not exist
02:52:29.617 [main] DEBUG org.springframework.test.context.support.AbstractContextLoader - Did not detect default resource location for test class [com.reimbes.AdminControllerTest]: class path resource [com/reimbes/AdminControllerTestContext.groovy] does not exist
02:52:29.621 [main] INFO org.springframework.test.context.support.AbstractContextLoader - Could not detect default resource locations for test class [com.reimbes.AdminControllerTest]: no resource found for suffixes {-context.xml, Context.groovy}.
02:52:29.623 [main] INFO org.springframework.test.context.support.AnnotationConfigContextLoaderUtils - Could not detect default configuration classes for test class [com.reimbes.AdminControllerTest]: AdminControllerTest does not declare any static, non-private, non-final, nested classes annotated with @Configuration.
02:52:29.847 [main] DEBUG org.springframework.test.context.support.ActiveProfilesUtils - Could not find an 'annotation declaring class' for annotation type [org.springframework.test.context.ActiveProfiles] and class [com.reimbes.AdminControllerTest]
02:52:29.874 [main] DEBUG org.springframework.core.env.StandardEnvironment - Adding [systemProperties] PropertySource with lowest search precedence
02:52:29.879 [main] DEBUG org.springframework.core.env.StandardEnvironment - Adding [systemEnvironment] PropertySource with lowest search precedence
02:52:29.879 [main] DEBUG org.springframework.core.env.StandardEnvironment - Initialized StandardEnvironment with PropertySources [systemProperties,systemEnvironment]
02:52:29.917 [main] DEBUG org.springframework.core.io.support.PathMatchingResourcePatternResolver - Resolved classpath location [com/reimbes/] to resources [URL [file:/C:/Users/Z/Documents/future/reimbes/controller/target/test-classes/com/reimbes/], URL [file:/C:/Users/Z/Documents/future/reimbes/controller/target/classes/com/reimbes/], URL [file:/C:/Users/Z/Documents/future/reimbes/repository/target/classes/com/reimbes/], URL [file:/C:/Users/Z/Documents/future/reimbes/model/target/classes/com/reimbes/], URL [file:/C:/Users/Z/Documents/future/reimbes/webmodel/target/classes/com/reimbes/], URL [file:/C:/Users/Z/Documents/future/reimbes/service/target/classes/com/reimbes/]]
02:52:29.917 [main] DEBUG org.springframework.core.io.support.PathMatchingResourcePatternResolver - Looking for matching resources in directory tree [C:\Users\Z\Documents\future\reimbes\controller\target\test-classes\com\reimbes]
02:52:29.917 [main] DEBUG org.springframework.core.io.support.PathMatchingResourcePatternResolver - Searching directory [C:\Users\Z\Documents\future\reimbes\controller\target\test-classes\com\reimbes] for files matching pattern [C:/Users/Z/Documents/future/reimbes/controller/target/test-classes/com/reimbes/*.class]
02:52:29.924 [main] DEBUG org.springframework.core.io.support.PathMatchingResourcePatternResolver - Looking for matching resources in directory tree [C:\Users\Z\Documents\future\reimbes\controller\target\classes\com\reimbes]
02:52:29.926 [main] DEBUG org.springframework.core.io.support.PathMatchingResourcePatternResolver - Searching directory [C:\Users\Z\Documents\future\reimbes\controller\target\classes\com\reimbes] for files matching pattern [C:/Users/Z/Documents/future/reimbes/controller/target/classes/com/reimbes/*.class]
02:52:29.928 [main] DEBUG org.springframework.core.io.support.PathMatchingResourcePatternResolver - Looking for matching resources in directory tree [C:\Users\Z\Documents\future\reimbes\repository\target\classes\com\reimbes]
02:52:29.929 [main] DEBUG org.springframework.core.io.support.PathMatchingResourcePatternResolver - Searching directory [C:\Users\Z\Documents\future\reimbes\repository\target\classes\com\reimbes] for files matching pattern [C:/Users/Z/Documents/future/reimbes/repository/target/classes/com/reimbes/*.class]
02:52:29.930 [main] DEBUG org.springframework.core.io.support.PathMatchingResourcePatternResolver - Looking for matching resources in directory tree [C:\Users\Z\Documents\future\reimbes\model\target\classes\com\reimbes]
02:52:29.930 [main] DEBUG org.springframework.core.io.support.PathMatchingResourcePatternResolver - Searching directory [C:\Users\Z\Documents\future\reimbes\model\target\classes\com\reimbes] for files matching pattern [C:/Users/Z/Documents/future/reimbes/model/target/classes/com/reimbes/*.class]
02:52:29.932 [main] DEBUG org.springframework.core.io.support.PathMatchingResourcePatternResolver - Looking for matching resources in directory tree [C:\Users\Z\Documents\future\reimbes\webmodel\target\classes\com\reimbes]
02:52:29.933 [main] DEBUG org.springframework.core.io.support.PathMatchingResourcePatternResolver - Searching directory [C:\Users\Z\Documents\future\reimbes\webmodel\target\classes\com\reimbes] for files matching pattern [C:/Users/Z/Documents/future/reimbes/webmodel/target/classes/com/reimbes/*.class]
02:52:29.934 [main] DEBUG org.springframework.core.io.support.PathMatchingResourcePatternResolver - Looking for matching resources in directory tree [C:\Users\Z\Documents\future\reimbes\service\target\classes\com\reimbes]
02:52:29.935 [main] DEBUG org.springframework.core.io.support.PathMatchingResourcePatternResolver - Searching directory [C:\Users\Z\Documents\future\reimbes\service\target\classes\com\reimbes] for files matching pattern [C:/Users/Z/Documents/future/reimbes/service/target/classes/com/reimbes/*.class]
02:52:29.937 [main] DEBUG org.springframework.core.io.support.PathMatchingResourcePatternResolver - Resolved location pattern [classpath*:com/reimbes/*.class] to resources [file [C:\Users\Z\Documents\future\reimbes\controller\target\test-classes\com\reimbes\AdminControllerTest.class], file [C:\Users\Z\Documents\future\reimbes\controller\target\test-classes\com\reimbes\HomeControllerTest.class], file [C:\Users\Z\Documents\future\reimbes\controller\target\classes\com\reimbes\AdminController.class], file [C:\Users\Z\Documents\future\reimbes\controller\target\classes\com\reimbes\HomeController.class], file [C:\Users\Z\Documents\future\reimbes\controller\target\classes\com\reimbes\ReimbesApplication.class], file [C:\Users\Z\Documents\future\reimbes\controller\target\classes\com\reimbes\TransactionController.class], file [C:\Users\Z\Documents\future\reimbes\controller\target\classes\com\reimbes\UserController.class], file [C:\Users\Z\Documents\future\reimbes\repository\target\classes\com\reimbes\ActiveTokenRepository.class], file [C:\Users\Z\Documents\future\reimbes\repository\target\classes\com\reimbes\ReimsUserRepository.class], file [C:\Users\Z\Documents\future\reimbes\repository\target\classes\com\reimbes\TransactionRepository.class], file [C:\Users\Z\Documents\future\reimbes\model\target\classes\com\reimbes\ActiveToken.class], file [C:\Users\Z\Documents\future\reimbes\model\target\classes\com\reimbes\Fuel$Type.class], file [C:\Users\Z\Documents\future\reimbes\model\target\classes\com\reimbes\Fuel.class], file [C:\Users\Z\Documents\future\reimbes\model\target\classes\com\reimbes\Parking$Type.class], file [C:\Users\Z\Documents\future\reimbes\model\target\classes\com\reimbes\Parking.class], file [C:\Users\Z\Documents\future\reimbes\model\target\classes\com\reimbes\ReimsUser$Role.class], file [C:\Users\Z\Documents\future\reimbes\model\target\classes\com\reimbes\ReimsUser.class], file [C:\Users\Z\Documents\future\reimbes\model\target\classes\com\reimbes\Transaction$Category.class], file [C:\Users\Z\Documents\future\reimbes\model\target\classes\com\reimbes\Transaction.class], file [C:\Users\Z\Documents\future\reimbes\model\target\classes\com\reimbes\UserDetailsImpl.class], file [C:\Users\Z\Documents\future\reimbes\service\target\classes\com\reimbes\AdminService.class], file [C:\Users\Z\Documents\future\reimbes\service\target\classes\com\reimbes\AuthService.class], file [C:\Users\Z\Documents\future\reimbes\service\target\classes\com\reimbes\FuelService.class], file [C:\Users\Z\Documents\future\reimbes\service\target\classes\com\reimbes\OcrService.class], file [C:\Users\Z\Documents\future\reimbes\service\target\classes\com\reimbes\ParkingService.class], file [C:\Users\Z\Documents\future\reimbes\service\target\classes\com\reimbes\ReportGeneratorService.class], file [C:\Users\Z\Documents\future\reimbes\service\target\classes\com\reimbes\TransactionService.class], file [C:\Users\Z\Documents\future\reimbes\service\target\classes\com\reimbes\UserService.class]]
02:52:30.079 [main] DEBUG org.springframework.context.annotation.ClassPathScanningCandidateComponentProvider - Identified candidate component class: file [C:\Users\Z\Documents\future\reimbes\controller\target\classes\com\reimbes\ReimbesApplication.class]
02:52:30.115 [main] INFO org.springframework.boot.test.context.SpringBootTestContextBootstrapper - Found @SpringBootConfiguration com.reimbes.ReimbesApplication for test class com.reimbes.AdminControllerTest
02:52:30.119 [main] DEBUG org.springframework.boot.test.autoconfigure.web.servlet.WebMvcTestContextBootstrapper - @TestExecutionListeners is not present for class [com.reimbes.AdminControllerTest]: using defaults.
02:52:30.126 [main] INFO org.springframework.boot.test.autoconfigure.web.servlet.WebMvcTestContextBootstrapper - Loaded default TestExecutionListener class names from location [META-INF/spring.factories]: [org.springframework.boot.test.mock.mockito.MockitoTestExecutionListener, org.springframework.boot.test.mock.mockito.ResetMocksTestExecutionListener, org.springframework.boot.test.autoconfigure.restdocs.RestDocsTestExecutionListener, org.springframework.boot.test.autoconfigure.web.client.MockRestServiceServerResetTestExecutionListener, org.springframework.boot.test.autoconfigure.web.servlet.MockMvcPrintOnlyOnFailureTestExecutionListener, org.springframework.boot.test.autoconfigure.web.servlet.WebDriverTestExecutionListener, org.springframework.test.context.web.ServletTestExecutionListener, org.springframework.test.context.support.DirtiesContextBeforeModesTestExecutionListener, org.springframework.test.context.support.DependencyInjectionTestExecutionListener, org.springframework.test.context.support.DirtiesContextTestExecutionListener, org.springframework.test.context.transaction.TransactionalTestExecutionListener, org.springframework.test.context.jdbc.SqlScriptsTestExecutionListener]
02:52:30.185 [main] INFO org.springframework.boot.test.autoconfigure.web.servlet.WebMvcTestContextBootstrapper - Using TestExecutionListeners: [org.springframework.test.context.web.ServletTestExecutionListener@36790bec, org.springframework.test.context.support.DirtiesContextBeforeModesTestExecutionListener@461c3709, org.springframework.boot.test.autoconfigure.SpringBootDependencyInjectionTestExecutionListener@7e3d7dd, org.springframework.test.context.support.DirtiesContextTestExecutionListener@3f63a513, org.springframework.test.context.transaction.TransactionalTestExecutionListener@413bef78, org.springframework.test.context.jdbc.SqlScriptsTestExecutionListener@66383c29, org.springframework.boot.test.mock.mockito.MockitoTestExecutionListener@7f7c420c, org.springframework.boot.test.autoconfigure.restdocs.RestDocsTestExecutionListener@5d152bcd, org.springframework.boot.test.autoconfigure.web.servlet.MockMvcPrintOnlyOnFailureTestExecutionListener@43cb5f38, org.springframework.boot.test.mock.mockito.ResetMocksTestExecutionListener@6435fa1c, org.springframework.boot.test.autoconfigure.web.client.MockRestServiceServerResetTestExecutionListener@7944b8b4, org.springframework.boot.test.autoconfigure.web.servlet.WebDriverTestExecutionListener@d7bbf12]
02:52:30.186 [main] DEBUG org.springframework.test.context.junit4.SpringJUnit4ClassRunner - SpringJUnit4ClassRunner constructor called with [class com.reimbes.HomeControllerTest]
02:52:30.187 [main] DEBUG org.springframework.test.context.BootstrapUtils - Instantiating CacheAwareContextLoaderDelegate from class [org.springframework.test.context.cache.DefaultCacheAwareContextLoaderDelegate]
02:52:30.187 [main] DEBUG org.springframework.test.context.BootstrapUtils - Instantiating BootstrapContext using constructor [public org.springframework.test.context.support.DefaultBootstrapContext(java.lang.Class,org.springframework.test.context.CacheAwareContextLoaderDelegate)]
02:52:30.187 [main] DEBUG org.springframework.test.context.BootstrapUtils - Instantiating TestContextBootstrapper for test class [com.reimbes.HomeControllerTest] from class [org.springframework.boot.test.autoconfigure.web.servlet.WebMvcTestContextBootstrapper]
02:52:30.188 [main] INFO org.springframework.boot.test.autoconfigure.web.servlet.WebMvcTestContextBootstrapper - Neither @ContextConfiguration nor @ContextHierarchy found for test class [com.reimbes.HomeControllerTest], using SpringBootContextLoader
02:52:30.190 [main] DEBUG org.springframework.test.context.support.AbstractContextLoader - Did not detect default resource location for test class [com.reimbes.HomeControllerTest]: class path resource [com/reimbes/HomeControllerTest-context.xml] does not exist
02:52:30.191 [main] DEBUG org.springframework.test.context.support.AbstractContextLoader - Did not detect default resource location for test class [com.reimbes.HomeControllerTest]: class path resource [com/reimbes/HomeControllerTestContext.groovy] does not exist
02:52:30.191 [main] INFO org.springframework.test.context.support.AbstractContextLoader - Could not detect default resource locations for test class [com.reimbes.HomeControllerTest]: no resource found for suffixes {-context.xml, Context.groovy}.
02:52:30.192 [main] INFO org.springframework.test.context.support.AnnotationConfigContextLoaderUtils - Could not detect default configuration classes for test class [com.reimbes.HomeControllerTest]: HomeControllerTest does not declare any static, non-private, non-final, nested classes annotated with @Configuration.
02:52:30.223 [main] DEBUG org.springframework.test.context.support.ActiveProfilesUtils - Could not find an 'annotation declaring class' for annotation type [org.springframework.test.context.ActiveProfiles] and class [com.reimbes.HomeControllerTest]
02:52:30.223 [main] DEBUG org.springframework.core.env.StandardEnvironment - Adding [systemProperties] PropertySource with lowest search precedence
02:52:30.223 [main] DEBUG org.springframework.core.env.StandardEnvironment - Adding [systemEnvironment] PropertySource with lowest search precedence
02:52:30.223 [main] DEBUG org.springframework.core.env.StandardEnvironment - Initialized StandardEnvironment with PropertySources [systemProperties,systemEnvironment]
02:52:30.224 [main] INFO org.springframework.boot.test.context.SpringBootTestContextBootstrapper - Found @SpringBootConfiguration com.reimbes.ReimbesApplication for test class com.reimbes.HomeControllerTest
02:52:30.225 [main] DEBUG org.springframework.boot.test.autoconfigure.web.servlet.WebMvcTestContextBootstrapper - @TestExecutionListeners is not present for class [com.reimbes.HomeControllerTest]: using defaults.
02:52:30.229 [main] INFO org.springframework.boot.test.autoconfigure.web.servlet.WebMvcTestContextBootstrapper - Loaded default TestExecutionListener class names from location [META-INF/spring.factories]: [org.springframework.boot.test.mock.mockito.MockitoTestExecutionListener, org.springframework.boot.test.mock.mockito.ResetMocksTestExecutionListener, org.springframework.boot.test.autoconfigure.restdocs.RestDocsTestExecutionListener, org.springframework.boot.test.autoconfigure.web.client.MockRestServiceServerResetTestExecutionListener, org.springframework.boot.test.autoconfigure.web.servlet.MockMvcPrintOnlyOnFailureTestExecutionListener, org.springframework.boot.test.autoconfigure.web.servlet.WebDriverTestExecutionListener, org.springframework.test.context.web.ServletTestExecutionListener, org.springframework.test.context.support.DirtiesContextBeforeModesTestExecutionListener, org.springframework.test.context.support.DependencyInjectionTestExecutionListener, org.springframework.test.context.support.DirtiesContextTestExecutionListener, org.springframework.test.context.transaction.TransactionalTestExecutionListener, org.springframework.test.context.jdbc.SqlScriptsTestExecutionListener]
02:52:30.233 [main] INFO org.springframework.boot.test.autoconfigure.web.servlet.WebMvcTestContextBootstrapper - Using TestExecutionListeners: [org.springframework.test.context.web.ServletTestExecutionListener@69de5bed, org.springframework.test.context.support.DirtiesContextBeforeModesTestExecutionListener@750f64fe, org.springframework.boot.test.autoconfigure.SpringBootDependencyInjectionTestExecutionListener@996a546, org.springframework.test.context.support.DirtiesContextTestExecutionListener@4fc165f6, org.springframework.test.context.transaction.TransactionalTestExecutionListener@545b5ed0, org.springframework.test.context.jdbc.SqlScriptsTestExecutionListener@5a7df831, org.springframework.boot.test.mock.mockito.MockitoTestExecutionListener@667dcaad, org.springframework.boot.test.autoconfigure.restdocs.RestDocsTestExecutionListener@22d7fd41, org.springframework.boot.test.autoconfigure.web.servlet.MockMvcPrintOnlyOnFailureTestExecutionListener@2c748a15, org.springframework.boot.test.mock.mockito.ResetMocksTestExecutionListener@19fd43da, org.springframework.boot.test.autoconfigure.web.client.MockRestServiceServerResetTestExecutionListener@115dcaea, org.springframework.boot.test.autoconfigure.web.servlet.WebDriverTestExecutionListener@cfd1075]
02:52:30.238 [main] DEBUG org.springframework.test.annotation.ProfileValueUtils - Retrieved @ProfileValueSourceConfiguration [null] for test class [com.reimbes.AdminControllerTest]
02:52:30.241 [main] DEBUG org.springframework.test.annotation.ProfileValueUtils - Retrieved ProfileValueSource type [class org.springframework.test.annotation.SystemProfileValueSource] for class [com.reimbes.AdminControllerTest]
02:52:30.242 [main] DEBUG org.springframework.test.annotation.ProfileValueUtils - Retrieved @ProfileValueSourceConfiguration [null] for test class [com.reimbes.HomeControllerTest]
02:52:30.243 [main] DEBUG org.springframework.test.annotation.ProfileValueUtils - Retrieved ProfileValueSource type [class org.springframework.test.annotation.SystemProfileValueSource] for class [com.reimbes.HomeControllerTest]
02:52:30.246 [main] DEBUG org.springframework.test.context.junit4.SpringJUnit4ClassRunner - SpringJUnit4ClassRunner constructor called with [class com.reimbes.AdminControllerTest]
02:52:30.246 [main] DEBUG org.springframework.test.context.BootstrapUtils - Instantiating CacheAwareContextLoaderDelegate from class [org.springframework.test.context.cache.DefaultCacheAwareContextLoaderDelegate]
02:52:30.246 [main] DEBUG org.springframework.test.context.BootstrapUtils - Instantiating BootstrapContext using constructor [public org.springframework.test.context.support.DefaultBootstrapContext(java.lang.Class,org.springframework.test.context.CacheAwareContextLoaderDelegate)]
02:52:30.247 [main] DEBUG org.springframework.test.context.BootstrapUtils - Instantiating TestContextBootstrapper for test class [com.reimbes.AdminControllerTest] from class [org.springframework.boot.test.autoconfigure.web.servlet.WebMvcTestContextBootstrapper]
02:52:30.247 [main] INFO org.springframework.boot.test.autoconfigure.web.servlet.WebMvcTestContextBootstrapper - Neither @ContextConfiguration nor @ContextHierarchy found for test class [com.reimbes.AdminControllerTest], using SpringBootContextLoader
02:52:30.248 [main] DEBUG org.springframework.test.context.support.AbstractContextLoader - Did not detect default resource location for test class [com.reimbes.AdminControllerTest]: class path resource [com/reimbes/AdminControllerTest-context.xml] does not exist
02:52:30.249 [main] DEBUG org.springframework.test.context.support.AbstractContextLoader - Did not detect default resource location for test class [com.reimbes.AdminControllerTest]: class path resource [com/reimbes/AdminControllerTestContext.groovy] does not exist
02:52:30.250 [main] INFO org.springframework.test.context.support.AbstractContextLoader - Could not detect default resource locations for test class [com.reimbes.AdminControllerTest]: no resource found for suffixes {-context.xml, Context.groovy}.
02:52:30.250 [main] INFO org.springframework.test.context.support.AnnotationConfigContextLoaderUtils - Could not detect default configuration classes for test class [com.reimbes.AdminControllerTest]: AdminControllerTest does not declare any static, non-private, non-final, nested classes annotated with @Configuration.
02:52:30.278 [main] DEBUG org.springframework.test.context.support.ActiveProfilesUtils - Could not find an 'annotation declaring class' for annotation type [org.springframework.test.context.ActiveProfiles] and class [com.reimbes.AdminControllerTest]
02:52:30.278 [main] DEBUG org.springframework.core.env.StandardEnvironment - Adding [systemProperties] PropertySource with lowest search precedence
02:52:30.278 [main] DEBUG org.springframework.core.env.StandardEnvironment - Adding [systemEnvironment] PropertySource with lowest search precedence
02:52:30.278 [main] DEBUG org.springframework.core.env.StandardEnvironment - Initialized StandardEnvironment with PropertySources [systemProperties,systemEnvironment]
02:52:30.278 [main] INFO org.springframework.boot.test.context.SpringBootTestContextBootstrapper - Found @SpringBootConfiguration com.reimbes.ReimbesApplication for test class com.reimbes.AdminControllerTest
02:52:30.279 [main] DEBUG org.springframework.boot.test.autoconfigure.web.servlet.WebMvcTestContextBootstrapper - @TestExecutionListeners is not present for class [com.reimbes.AdminControllerTest]: using defaults.
02:52:30.280 [main] INFO org.springframework.boot.test.autoconfigure.web.servlet.WebMvcTestContextBootstrapper - Loaded default TestExecutionListener class names from location [META-INF/spring.factories]: [org.springframework.boot.test.mock.mockito.MockitoTestExecutionListener, org.springframework.boot.test.mock.mockito.ResetMocksTestExecutionListener, org.springframework.boot.test.autoconfigure.restdocs.RestDocsTestExecutionListener, org.springframework.boot.test.autoconfigure.web.client.MockRestServiceServerResetTestExecutionListener, org.springframework.boot.test.autoconfigure.web.servlet.MockMvcPrintOnlyOnFailureTestExecutionListener, org.springframework.boot.test.autoconfigure.web.servlet.WebDriverTestExecutionListener, org.springframework.test.context.web.ServletTestExecutionListener, org.springframework.test.context.support.DirtiesContextBeforeModesTestExecutionListener, org.springframework.test.context.support.DependencyInjectionTestExecutionListener, org.springframework.test.context.support.DirtiesContextTestExecutionListener, org.springframework.test.context.transaction.TransactionalTestExecutionListener, org.springframework.test.context.jdbc.SqlScriptsTestExecutionListener]
02:52:30.286 [main] INFO org.springframework.boot.test.autoconfigure.web.servlet.WebMvcTestContextBootstrapper - Using TestExecutionListeners: [org.springframework.test.context.web.ServletTestExecutionListener@5a08b084, org.springframework.test.context.support.DirtiesContextBeforeModesTestExecutionListener@235c997d, org.springframework.boot.test.autoconfigure.SpringBootDependencyInjectionTestExecutionListener@36bed37a, org.springframework.test.context.support.DirtiesContextTestExecutionListener@4a9a878, org.springframework.test.context.transaction.TransactionalTestExecutionListener@1b3ab4f9, org.springframework.test.context.jdbc.SqlScriptsTestExecutionListener@5c6a5192, org.springframework.boot.test.mock.mockito.MockitoTestExecutionListener@1c8f6c66, org.springframework.boot.test.autoconfigure.restdocs.RestDocsTestExecutionListener@552cede7, org.springframework.boot.test.autoconfigure.web.servlet.MockMvcPrintOnlyOnFailureTestExecutionListener@1b7f06c7, org.springframework.boot.test.mock.mockito.ResetMocksTestExecutionListener@151732fb, org.springframework.boot.test.autoconfigure.web.client.MockRestServiceServerResetTestExecutionListener@729c8063, org.springframework.boot.test.autoconfigure.web.servlet.WebDriverTestExecutionListener@40ed1802]
02:52:30.287 [main] DEBUG org.springframework.test.annotation.ProfileValueUtils - Retrieved @ProfileValueSourceConfiguration [null] for test class [com.reimbes.AdminControllerTest]
02:52:30.287 [main] DEBUG org.springframework.test.annotation.ProfileValueUtils - Retrieved ProfileValueSource type [class org.springframework.test.annotation.SystemProfileValueSource] for class [com.reimbes.AdminControllerTest]
02:52:30.288 [main] DEBUG org.springframework.test.annotation.ProfileValueUtils - Retrieved @ProfileValueSourceConfiguration [null] for test class [com.reimbes.AdminControllerTest]
02:52:30.288 [main] DEBUG org.springframework.test.annotation.ProfileValueUtils - Retrieved ProfileValueSource type [class org.springframework.test.annotation.SystemProfileValueSource] for class [com.reimbes.AdminControllerTest]
02:52:30.292 [main] DEBUG org.springframework.test.context.support.AbstractDirtiesContextTestExecutionListener - Before test class: context [DefaultTestContext@6909f6be testClass = AdminControllerTest, testInstance = [null], testMethod = [null], testException = [null], mergedContextConfiguration = [WebMergedContextConfiguration@6b5ab2f2 testClass = AdminControllerTest, locations = '{}', classes = '{class com.reimbes.ReimbesApplication}', contextInitializerClasses = '[]', activeProfiles = '{}', propertySourceLocations = '{}', propertySourceProperties = '{org.springframework.boot.test.autoconfigure.web.servlet.WebMvcTestContextBootstrapper=true}', contextCustomizers = set[[ImportsContextCustomizer@315c081 key = [org.springframework.boot.autoconfigure.cache.CacheAutoConfiguration, org.springframework.boot.autoconfigure.context.MessageSourceAutoConfiguration, org.springframework.boot.autoconfigure.freemarker.FreeMarkerAutoConfiguration, org.springframework.boot.autoconfigure.groovy.template.GroovyTemplateAutoConfiguration, org.springframework.boot.autoconfigure.gson.GsonAutoConfiguration, org.springframework.boot.autoconfigure.hateoas.HypermediaAutoConfiguration, org.springframework.boot.autoconfigure.jackson.JacksonAutoConfiguration, org.springframework.boot.autoconfigure.mustache.MustacheAutoConfiguration, org.springframework.boot.autoconfigure.thymeleaf.ThymeleafAutoConfiguration, org.springframework.boot.autoconfigure.validation.ValidationAutoConfiguration, org.springframework.boot.autoconfigure.web.ErrorMvcAutoConfiguration, org.springframework.boot.autoconfigure.web.HttpMessageConvertersAutoConfiguration, org.springframework.boot.autoconfigure.web.ServerPropertiesAutoConfiguration, org.springframework.boot.autoconfigure.web.WebMvcAutoConfiguration, org.springframework.boot.test.autoconfigure.web.servlet.MockMvcAutoConfiguration, org.springframework.boot.test.autoconfigure.web.servlet.MockMvcSecurityAutoConfiguration, org.springframework.boot.test.autoconfigure.web.servlet.MockMvcWebClientAutoConfiguration, org.springframework.boot.test.autoconfigure.web.servlet.MockMvcWebDriverAutoConfiguration, com.reimbes.configuration.WebSecurity, Package Import com.reimbes]], org.springframework.boot.test.context.filter.ExcludeFilterContextCustomizer@7ec25216, org.springframework.boot.test.mock.mockito.MockitoContextCustomizer@13b2cc00, org.springframework.boot.test.autoconfigure.OverrideAutoConfigurationContextCustomizerFactory$DisableAutoConfigurationContextCustomizer@34cf294c, org.springframework.boot.test.autoconfigure.filter.TypeExcludeFiltersContextCustomizer@680f6e20, org.springframework.boot.test.autoconfigure.properties.PropertyMappingContextCustomizer@ccc48c5f, org.springframework.boot.test.autoconfigure.web.servlet.WebDriverContextCustomizerFactory$Customizer@45f421c], resourceBasePath = '', contextLoader = 'org.springframework.boot.test.context.SpringBootContextLoader', parent = [null]]], class annotated with @DirtiesContext [false] with mode [null].
02:52:30.295 [main] DEBUG org.springframework.test.annotation.ProfileValueUtils - Retrieved @ProfileValueSourceConfiguration [null] for test class [com.reimbes.AdminControllerTest]
02:52:30.295 [main] DEBUG org.springframework.test.annotation.ProfileValueUtils - Retrieved ProfileValueSource type [class org.springframework.test.annotation.SystemProfileValueSource] for class [com.reimbes.AdminControllerTest]
02:52:30.298 [main] DEBUG org.springframework.test.context.support.DependencyInjectionTestExecutionListener - Performing dependency injection for test context [[DefaultTestContext@6909f6be testClass = AdminControllerTest, testInstance = com.reimbes.AdminControllerTest@41bfa9e9, testMethod = [null], testException = [null], mergedContextConfiguration = [WebMergedContextConfiguration@6b5ab2f2 testClass = AdminControllerTest, locations = '{}', classes = '{class com.reimbes.ReimbesApplication}', contextInitializerClasses = '[]', activeProfiles = '{}', propertySourceLocations = '{}', propertySourceProperties = '{org.springframework.boot.test.autoconfigure.web.servlet.WebMvcTestContextBootstrapper=true}', contextCustomizers = set[[ImportsContextCustomizer@315c081 key = [org.springframework.boot.autoconfigure.cache.CacheAutoConfiguration, org.springframework.boot.autoconfigure.context.MessageSourceAutoConfiguration, org.springframework.boot.autoconfigure.freemarker.FreeMarkerAutoConfiguration, org.springframework.boot.autoconfigure.groovy.template.GroovyTemplateAutoConfiguration, org.springframework.boot.autoconfigure.gson.GsonAutoConfiguration, org.springframework.boot.autoconfigure.hateoas.HypermediaAutoConfiguration, org.springframework.boot.autoconfigure.jackson.JacksonAutoConfiguration, org.springframework.boot.autoconfigure.mustache.MustacheAutoConfiguration, org.springframework.boot.autoconfigure.thymeleaf.ThymeleafAutoConfiguration, org.springframework.boot.autoconfigure.validation.ValidationAutoConfiguration, org.springframework.boot.autoconfigure.web.ErrorMvcAutoConfiguration, org.springframework.boot.autoconfigure.web.HttpMessageConvertersAutoConfiguration, org.springframework.boot.autoconfigure.web.ServerPropertiesAutoConfiguration, org.springframework.boot.autoconfigure.web.WebMvcAutoConfiguration, org.springframework.boot.test.autoconfigure.web.servlet.MockMvcAutoConfiguration, org.springframework.boot.test.autoconfigure.web.servlet.MockMvcSecurityAutoConfiguration, org.springframework.boot.test.autoconfigure.web.servlet.MockMvcWebClientAutoConfiguration, org.springframework.boot.test.autoconfigure.web.servlet.MockMvcWebDriverAutoConfiguration, com.reimbes.configuration.WebSecurity, Package Import com.reimbes]], org.springframework.boot.test.context.filter.ExcludeFilterContextCustomizer@7ec25216, org.springframework.boot.test.mock.mockito.MockitoContextCustomizer@13b2cc00, org.springframework.boot.test.autoconfigure.OverrideAutoConfigurationContextCustomizerFactory$DisableAutoConfigurationContextCustomizer@34cf294c, org.springframework.boot.test.autoconfigure.filter.TypeExcludeFiltersContextCustomizer@680f6e20, org.springframework.boot.test.autoconfigure.properties.PropertyMappingContextCustomizer@ccc48c5f, org.springframework.boot.test.autoconfigure.web.servlet.WebDriverContextCustomizerFactory$Customizer@45f421c], resourceBasePath = '', contextLoader = 'org.springframework.boot.test.context.SpringBootContextLoader', parent = [null]]]].
02:52:30.450 [main] DEBUG org.springframework.core.env.StandardEnvironment - Adding [systemProperties] PropertySource with lowest search precedence
02:52:30.452 [main] DEBUG org.springframework.core.env.StandardEnvironment - Adding [systemEnvironment] PropertySource with lowest search precedence
02:52:30.452 [main] DEBUG org.springframework.core.env.StandardEnvironment - Initialized StandardEnvironment with PropertySources [systemProperties,systemEnvironment]
02:52:30.453 [main] DEBUG org.springframework.core.env.MutablePropertySources - Adding [inline] PropertySource with highest search precedence
02:52:30.465 [main] DEBUG org.springframework.test.context.support.TestPropertySourceUtils - Adding inlined properties to environment: {spring.jmx.enabled=false, org.springframework.boot.test.autoconfigure.web.servlet.WebMvcTestContextBootstrapper=true, server.port=-1}
02:52:30.465 [main] DEBUG org.springframework.core.env.StandardEnvironment - Adding [Inlined Test Properties] PropertySource with highest search precedence
2019-08-17 02:52:32.473  INFO [bootstrap,,,] 5976 --- [           main] s.c.a.AnnotationConfigApplicationContext : Refreshing org.springframework.context.annotation.AnnotationConfigApplicationContext@105dc246: startup date [Sat Aug 17 02:52:32 ICT 2019]; root of context hierarchy
2019-08-17 02:52:33.110  INFO [bootstrap,,,] 5976 --- [           main] trationDelegate$BeanPostProcessorChecker : Bean 'configurationPropertiesRebinderAutoConfiguration' of type [org.springframework.cloud.autoconfigure.ConfigurationPropertiesRebinderAutoConfiguration$$EnhancerBySpringCGLIB$$182fd60e] is not eligible for getting processed by all BeanPostProcessors (for example: not eligible for auto-proxying)

  .   ____          _            __ _ _
 /\\ / ___'_ __ _ _(_)_ __  __ _ \ \ \ \
( ( )\___ | '_ | '_| | '_ \/ _` | \ \ \ \
 \\/  ___)| |_)| | | | | || (_| |  ) ) ) )
  '  |____| .__|_| |_|_| |_\__, | / / / /
 =========|_|==============|___/=/_/_/_/
 :: Spring Boot ::        (v1.5.2.RELEASE)

2019-08-17 02:52:35.083  INFO [-,,,] 5976 --- [           main] com.reimbes.AdminControllerTest          : No active profile set, falling back to default profiles: default
2019-08-17 02:52:35.089  INFO [-,,,] 5976 --- [           main] o.s.w.c.s.GenericWebApplicationContext   : Refreshing org.springframework.web.context.support.GenericWebApplicationContext@3eff5c32: startup date [Sat Aug 17 02:52:35 ICT 2019]; parent: org.springframework.context.annotation.AnnotationConfigApplicationContext@105dc246
2019-08-17 02:52:37.455  INFO [-,,,] 5976 --- [           main] o.s.s.web.DefaultSecurityFilterChain     : Creating filter chain: org.springframework.security.web.util.matcher.AnyRequestMatcher@1, [org.springframework.security.web.context.request.async.WebAsyncManagerIntegrationFilter@15945b2e, org.springframework.security.web.context.SecurityContextPersistenceFilter@7590b28f, org.springframework.security.web.header.HeaderWriterFilter@67e85559, org.springframework.web.filter.CorsFilter@6b3321fe, org.springframework.security.web.authentication.logout.LogoutFilter@568f8f5a, com.reimbes.authentication.filter.JWTAuthenticationFilter@65747311, org.springframework.security.web.authentication.UsernamePasswordAuthenticationFilter@46245500, com.reimbes.authentication.filter.JWTAuthorizationFilter@4c8ccc57, org.springframework.security.web.savedrequest.RequestCacheAwareFilter@6bb500fa, org.springframework.security.web.servletapi.SecurityContextHolderAwareRequestFilter@3718f26a, org.springframework.security.web.authentication.AnonymousAuthenticationFilter@26772e54, org.springframework.security.web.session.SessionManagementFilter@7a00446, org.springframework.security.web.access.ExceptionTranslationFilter@7514e658, org.springframework.security.web.access.intercept.FilterSecurityInterceptor@1c37b2b]
2019-08-17 02:52:37.524  INFO [-,,,] 5976 --- [           main] com.reimbes.configuration.WebConfig      : Interceptor just added
2019-08-17 02:52:37.606  INFO [-,,,] 5976 --- [           main] s.w.s.m.m.a.RequestMappingHandlerMapping : Mapped "{[/api/admin/users],methods=[POST]}" onto public com.reimbes.response.BaseResponse<com.reimbes.response.UserResponse> com.reimbes.AdminController.createUser(com.reimbes.ReimsUser) throws java.lang.Exception
2019-08-17 02:52:37.607  INFO [-,,,] 5976 --- [           main] s.w.s.m.m.a.RequestMappingHandlerMapping : Mapped "{[/api/admin/users/{id:.+}],methods=[PUT]}" onto public com.reimbes.response.BaseResponse<com.reimbes.response.UserResponse> com.reimbes.AdminController.updateUser(long,com.reimbes.ReimsUser) throws java.lang.Exception
2019-08-17 02:52:37.608  INFO [-,,,] 5976 --- [           main] s.w.s.m.m.a.RequestMappingHandlerMapping : Mapped "{[/api/admin/users],methods=[GET]}" onto public com.reimbes.response.BaseResponse<java.util.ArrayList> com.reimbes.AdminController.getAllUsers(int,int,java.lang.String,java.lang.String)
2019-08-17 02:52:37.608  INFO [-,,,] 5976 --- [           main] s.w.s.m.m.a.RequestMappingHandlerMapping : Mapped "{[/api/admin/users/{id:.+}],methods=[GET]}" onto public com.reimbes.response.BaseResponse<com.reimbes.response.UserResponse> com.reimbes.AdminController.getUser(long)
2019-08-17 02:52:37.609  INFO [-,,,] 5976 --- [           main] s.w.s.m.m.a.RequestMappingHandlerMapping : Mapped "{[/api/admin/users/{id:.+}],methods=[DELETE]}" onto public com.reimbes.response.BaseResponse<com.reimbes.response.UserResponse> com.reimbes.AdminController.deleteUser(long)
2019-08-17 02:52:37.615  INFO [-,,,] 5976 --- [           main] s.w.s.m.m.a.RequestMappingHandlerMapping : Mapped "{[/error]}" onto public org.springframework.http.ResponseEntity<java.util.Map<java.lang.String, java.lang.Object>> org.springframework.boot.autoconfigure.web.BasicErrorController.error(javax.servlet.http.HttpServletRequest)
2019-08-17 02:52:37.615  INFO [-,,,] 5976 --- [           main] s.w.s.m.m.a.RequestMappingHandlerMapping : Mapped "{[/error],produces=[text/html]}" onto public org.springframework.web.servlet.ModelAndView org.springframework.boot.autoconfigure.web.BasicErrorController.errorHtml(javax.servlet.http.HttpServletRequest,javax.servlet.http.HttpServletResponse)
2019-08-17 02:52:37.708  INFO [-,,,] 5976 --- [           main] o.s.w.s.handler.SimpleUrlHandlerMapping  : Mapped URL path [/swagger-ui.html] onto handler of type [class org.springframework.web.servlet.resource.ResourceHttpRequestHandler]
2019-08-17 02:52:37.708  INFO [-,,,] 5976 --- [           main] o.s.w.s.handler.SimpleUrlHandlerMapping  : Mapped URL path [/webjars/**] onto handler of type [class org.springframework.web.servlet.resource.ResourceHttpRequestHandler]
2019-08-17 02:52:37.806  INFO [-,,,] 5976 --- [           main] s.w.s.m.m.a.RequestMappingHandlerAdapter : Looking for @ControllerAdvice: org.springframework.web.context.support.GenericWebApplicationContext@3eff5c32: startup date [Sat Aug 17 02:52:35 ICT 2019]; parent: org.springframework.context.annotation.AnnotationConfigApplicationContext@105dc246
2019-08-17 02:52:38.610  INFO [-,,,] 5976 --- [           main] o.s.b.t.m.w.SpringBootMockServletContext : Initializing Spring FrameworkServlet ''
2019-08-17 02:52:38.610  INFO [-,,,] 5976 --- [           main] o.s.t.web.servlet.TestDispatcherServlet  : FrameworkServlet '': initialization started
2019-08-17 02:52:38.636  INFO [-,,,] 5976 --- [           main] o.s.t.web.servlet.TestDispatcherServlet  : FrameworkServlet '': initialization completed in 26 ms
2019-08-17 02:52:38.828  INFO [-,,,] 5976 --- [           main] com.reimbes.AdminControllerTest          : Started AdminControllerTest in 8.34 seconds (JVM running for 10.534)
2019-08-17 02:52:38.930  INFO [-,,,] 5976 --- [           main] c.r.a.filter.JWTAuthorizationFilter      : Doing filter internal...

MockHttpServletRequest:
      HTTP Method = GET
      Request URI = /api/admin/users
       Parameters = {}
          Headers = {Content-Type=[*/*]}

Handler:
             Type = null

Async:
    Async started = false
     Async result = null

Resolved Exception:
             Type = null

ModelAndView:
        View name = null
             View = null
            Model = null

FlashMap:
       Attributes = null

MockHttpServletResponse:
           Status = 200
    Error message = null
          Headers = {X-Content-Type-Options=[nosniff], X-XSS-Protection=[1; mode=block], Cache-Control=[no-cache, no-store, max-age=0, must-revalidate], Pragma=[no-cache], Expires=[0], X-Frame-Options=[DENY]}
     Content type = null
             Body = 
    Forwarded URL = null
   Redirected URL = null
          Cookies = []
]]></system-out>
  </testcase>
</testsuite>