<?xml version="1.0" encoding="UTF-8"?>
<testsuite name="com.reimbes.HomeControllerTest" time="0.024" tests="2" errors="0" skipped="0" failures="1">
  <properties>
[...]
</properties>
  <testcase name="requestWithTokenWillHaveOkStatus" classname="com.reimbes.HomeControllerTest" time="0.016">
    <failure message="Status expected:&lt;200&gt; but was:&lt;401&gt;" type="java.lang.AssertionError"><![CDATA[java.lang.AssertionError: Status expected:<200> but was:<401>
	at org.springframework.test.util.AssertionErrors.fail(AssertionErrors.java:54)
	at org.springframework.test.util.AssertionErrors.assertEquals(AssertionErrors.java:81)
	at org.springframework.test.web.servlet.result.StatusResultMatchers$10.match(StatusResultMatchers.java:664)
	at org.springframework.test.web.servlet.MockMvc$1.andExpect(MockMvc.java:171)
	at com.reimbes.HomeControllerTest.requestWithTokenWillHaveOkStatus(HomeControllerTest.java:41)
]]></failure>
    <system-out><![CDATA[2019-08-17 02:52:39.219  INFO [-,,,] 5976 --- [           main] .b.t.a.w.s.WebMvcTestContextBootstrapper : Neither @ContextConfiguration nor @ContextHierarchy found for test class [com.reimbes.HomeControllerTest], using SpringBootContextLoader
2019-08-17 02:52:39.221  INFO [-,,,] 5976 --- [           main] o.s.t.c.support.AbstractContextLoader    : Could not detect default resource locations for test class [com.reimbes.HomeControllerTest]: no resource found for suffixes {-context.xml, Context.groovy}.
2019-08-17 02:52:39.221  INFO [-,,,] 5976 --- [           main] t.c.s.AnnotationConfigContextLoaderUtils : Could not detect default configuration classes for test class [com.reimbes.HomeControllerTest]: HomeControllerTest does not declare any static, non-private, non-final, nested classes annotated with @Configuration.
2019-08-17 02:52:39.240  INFO [-,,,] 5976 --- [           main] .b.t.c.SpringBootTestContextBootstrapper : Found @SpringBootConfiguration com.reimbes.ReimbesApplication for test class com.reimbes.HomeControllerTest
2019-08-17 02:52:39.244  INFO [-,,,] 5976 --- [           main] .b.t.a.w.s.WebMvcTestContextBootstrapper : Loaded default TestExecutionListener class names from location [META-INF/spring.factories]: [org.springframework.boot.test.mock.mockito.MockitoTestExecutionListener, org.springframework.boot.test.mock.mockito.ResetMocksTestExecutionListener, org.springframework.boot.test.autoconfigure.restdocs.RestDocsTestExecutionListener, org.springframework.boot.test.autoconfigure.web.client.MockRestServiceServerResetTestExecutionListener, org.springframework.boot.test.autoconfigure.web.servlet.MockMvcPrintOnlyOnFailureTestExecutionListener, org.springframework.boot.test.autoconfigure.web.servlet.WebDriverTestExecutionListener, org.springframework.test.context.web.ServletTestExecutionListener, org.springframework.test.context.support.DirtiesContextBeforeModesTestExecutionListener, org.springframework.test.context.support.DependencyInjectionTestExecutionListener, org.springframework.test.context.support.DirtiesContextTestExecutionListener, org.springframework.test.context.transaction.TransactionalTestExecutionListener, org.springframework.test.context.jdbc.SqlScriptsTestExecutionListener]
2019-08-17 02:52:39.246  INFO [-,,,] 5976 --- [           main] .b.t.a.w.s.WebMvcTestContextBootstrapper : Using TestExecutionListeners: [org.springframework.test.context.web.ServletTestExecutionListener@11617c6c, org.springframework.test.context.support.DirtiesContextBeforeModesTestExecutionListener@10f52047, org.springframework.boot.test.autoconfigure.SpringBootDependencyInjectionTestExecutionListener@194f5558, org.springframework.test.context.support.DirtiesContextTestExecutionListener@32a826f, org.springframework.test.context.transaction.TransactionalTestExecutionListener@19321c7a, org.springframework.test.context.jdbc.SqlScriptsTestExecutionListener@20fce003, org.springframework.boot.test.mock.mockito.MockitoTestExecutionListener@437a84d1, org.springframework.boot.test.autoconfigure.restdocs.RestDocsTestExecutionListener@14145f2b, org.springframework.boot.test.autoconfigure.web.servlet.MockMvcPrintOnlyOnFailureTestExecutionListener@1dcc501f, org.springframework.boot.test.mock.mockito.ResetMocksTestExecutionListener@5a77475d, org.springframework.boot.test.autoconfigure.web.client.MockRestServiceServerResetTestExecutionListener@4d3c0cce, org.springframework.boot.test.autoconfigure.web.servlet.WebDriverTestExecutionListener@7be7ff45]
2019-08-17 02:52:40.745  INFO [bootstrap,,,] 5976 --- [           main] s.c.a.AnnotationConfigApplicationContext : Refreshing org.springframework.context.annotation.AnnotationConfigApplicationContext@513b730: startup date [Sat Aug 17 02:52:40 ICT 2019]; root of context hierarchy
2019-08-17 02:52:40.814  INFO [bootstrap,,,] 5976 --- [           main] trationDelegate$BeanPostProcessorChecker : Bean 'configurationPropertiesRebinderAutoConfiguration' of type [org.springframework.cloud.autoconfigure.ConfigurationPropertiesRebinderAutoConfiguration$$EnhancerBySpringCGLIB$$182fd60e] is not eligible for getting processed by all BeanPostProcessors (for example: not eligible for auto-proxying)

  .   ____          _            __ _ _
 /\\ / ___'_ __ _ _(_)_ __  __ _ \ \ \ \
( ( )\___ | '_ | '_| | '_ \/ _` | \ \ \ \
 \\/  ___)| |_)| | | | | || (_| |  ) ) ) )
  '  |____| .__|_| |_|_| |_\__, | / / / /
 =========|_|==============|___/=/_/_/_/
 :: Spring Boot ::        (v1.5.2.RELEASE)

2019-08-17 02:52:42.291  INFO [-,,,] 5976 --- [           main] com.reimbes.HomeControllerTest           : No active profile set, falling back to default profiles: default
2019-08-17 02:52:42.297  INFO [-,,,] 5976 --- [           main] o.s.w.c.s.GenericWebApplicationContext   : Refreshing org.springframework.web.context.support.GenericWebApplicationContext@3e2c2452: startup date [Sat Aug 17 02:52:42 ICT 2019]; parent: org.springframework.context.annotation.AnnotationConfigApplicationContext@513b730
2019-08-17 02:52:42.925  INFO [-,,,] 5976 --- [           main] b.a.s.AuthenticationManagerConfiguration : 

Using default security password: 2b10a8cd-2139-49b9-bc5d-061c855751a6

2019-08-17 02:52:42.982  INFO [-,,,] 5976 --- [           main] com.reimbes.configuration.WebConfig      : Interceptor just added
2019-08-17 02:52:43.013  INFO [-,,,] 5976 --- [           main] s.w.s.m.m.a.RequestMappingHandlerMapping : Mapped "{[/api/logout],methods=[GET]}" onto public com.reimbes.response.BaseResponse com.reimbes.HomeController.logout(javax.servlet.http.HttpServletRequest)
2019-08-17 02:52:43.016  INFO [-,,,] 5976 --- [           main] s.w.s.m.m.a.RequestMappingHandlerMapping : Mapped "{[/api/isLogin],methods=[GET]}" onto public com.reimbes.response.BaseResponse com.reimbes.HomeController.isLogin(javax.servlet.http.HttpServletRequest)
2019-08-17 02:52:43.018  INFO [-,,,] 5976 --- [           main] s.w.s.m.m.a.RequestMappingHandlerMapping : Mapped "{[/error]}" onto public org.springframework.http.ResponseEntity<java.util.Map<java.lang.String, java.lang.Object>> org.springframework.boot.autoconfigure.web.BasicErrorController.error(javax.servlet.http.HttpServletRequest)
2019-08-17 02:52:43.019  INFO [-,,,] 5976 --- [           main] s.w.s.m.m.a.RequestMappingHandlerMapping : Mapped "{[/error],produces=[text/html]}" onto public org.springframework.web.servlet.ModelAndView org.springframework.boot.autoconfigure.web.BasicErrorController.errorHtml(javax.servlet.http.HttpServletRequest,javax.servlet.http.HttpServletResponse)
2019-08-17 02:52:43.058  INFO [-,,,] 5976 --- [           main] o.s.w.s.handler.SimpleUrlHandlerMapping  : Mapped URL path [/swagger-ui.html] onto handler of type [class org.springframework.web.servlet.resource.ResourceHttpRequestHandler]
2019-08-17 02:52:43.058  INFO [-,,,] 5976 --- [           main] o.s.w.s.handler.SimpleUrlHandlerMapping  : Mapped URL path [/webjars/**] onto handler of type [class org.springframework.web.servlet.resource.ResourceHttpRequestHandler]
2019-08-17 02:52:43.114  INFO [-,,,] 5976 --- [           main] s.w.s.m.m.a.RequestMappingHandlerAdapter : Looking for @ControllerAdvice: org.springframework.web.context.support.GenericWebApplicationContext@3e2c2452: startup date [Sat Aug 17 02:52:42 ICT 2019]; parent: org.springframework.context.annotation.AnnotationConfigApplicationContext@513b730
2019-08-17 02:52:43.404  INFO [-,,,] 5976 --- [           main] o.s.s.web.DefaultSecurityFilterChain     : Creating filter chain: OrRequestMatcher [requestMatchers=[Ant [pattern='/css/**'], Ant [pattern='/js/**'], Ant [pattern='/images/**'], Ant [pattern='/webjars/**'], Ant [pattern='/**/favicon.ico'], Ant [pattern='/error']]], []
2019-08-17 02:52:43.510  INFO [-,,,] 5976 --- [           main] o.s.s.web.DefaultSecurityFilterChain     : Creating filter chain: OrRequestMatcher [requestMatchers=[Ant [pattern='/**']]], [org.springframework.security.web.context.request.async.WebAsyncManagerIntegrationFilter@706b5d5e, org.springframework.security.web.context.SecurityContextPersistenceFilter@2d1e3187, org.springframework.security.web.header.HeaderWriterFilter@2f1661e6, org.springframework.security.web.authentication.logout.LogoutFilter@6b03325d, org.springframework.security.web.authentication.www.BasicAuthenticationFilter@4ba5c0f0, org.springframework.security.web.savedrequest.RequestCacheAwareFilter@75c27157, org.springframework.security.web.servletapi.SecurityContextHolderAwareRequestFilter@69473758, org.springframework.security.web.authentication.AnonymousAuthenticationFilter@43a7400a, org.springframework.security.web.session.SessionManagementFilter@7629902, org.springframework.security.web.access.ExceptionTranslationFilter@320d4122, org.springframework.security.web.access.intercept.FilterSecurityInterceptor@76fee3de]
2019-08-17 02:52:43.526  INFO [-,,,] 5976 --- [           main] o.s.b.t.m.w.SpringBootMockServletContext : Initializing Spring FrameworkServlet ''
2019-08-17 02:52:43.526  INFO [-,,,] 5976 --- [           main] o.s.t.web.servlet.TestDispatcherServlet  : FrameworkServlet '': initialization started
2019-08-17 02:52:43.538  INFO [-,,,] 5976 --- [           main] o.s.t.web.servlet.TestDispatcherServlet  : FrameworkServlet '': initialization completed in 12 ms
2019-08-17 02:52:43.591  INFO [-,,,] 5976 --- [           main] com.reimbes.HomeControllerTest           : Started HomeControllerTest in 4.334 seconds (JVM running for 15.295)

MockHttpServletRequest:
      HTTP Method = GET
      Request URI = /isLogin
       Parameters = {}
          Headers = {Authorization=[Bearer HAHAHAH]}

Handler:
             Type = null

Async:
    Async started = false
     Async result = null

Resolved Exception:
             Type = null

ModelAndView:
        View name = null
             View = null
            Model = null

FlashMap:
       Attributes = null

MockHttpServletResponse:
           Status = 401
    Error message = Full authentication is required to access this resource
          Headers = {X-Content-Type-Options=[nosniff], X-XSS-Protection=[1; mode=block], Cache-Control=[no-cache, no-store, max-age=0, must-revalidate], Pragma=[no-cache], Expires=[0], X-Frame-Options=[DENY], Strict-Transport-Security=[max-age=31536000 ; includeSubDomains], WWW-Authenticate=[Basic realm="Spring"]}
     Content type = null
             Body = 
    Forwarded URL = null
   Redirected URL = null
          Cookies = []
]]></system-out>
  </testcase>
  <testcase name="requestWithoutTokenWillHaveUnauthorizedStatus" classname="com.reimbes.HomeControllerTest" time="0.008"/>
</testsuite>