<?xml version="1.0" encoding="UTF-8" standalone="yes"?><!DOCTYPE report PUBLIC "-//JACOCO//DTD Report 1.1//EN" "report.dtd"><report name="repository"><sessioninfo id="DESKTOP-UMI476I-55334145" start="1570860366629" dump="1570860378641"/><package name="com/reimbes"><class name="com/reimbes/MedicalRepository" sourcefilename="MedicalRepository.java"/><class name="com/reimbes/ActiveTokenRepository" sourcefilename="ActiveTokenRepository.java"/><class name="com/reimbes/ReimsUserRepository" sourcefilename="ReimsUserRepository.java"/><class name="com/reimbes/TransactionRepository" sourcefilename="TransactionRepository.java"/><class name="com/reimbes/FamilyMemberRepository" sourcefilename="FamilyMemberRepository.java"/><sourcefile name="ActiveTokenRepository.java"/><sourcefile name="FamilyMemberRepository.java"/><sourcefile name="MedicalRepository.java"/><sourcefile name="ReimsUserRepository.java"/><sourcefile name="TransactionRepository.java"/></package></report>