<?xml version="1.0" encoding="UTF-8" standalone="yes"?><!DOCTYPE report PUBLIC "-//JACOCO//DTD Report 1.1//EN" "report.dtd"><report name="repository"><sessioninfo id="DESKTOP-UMI476I-1c58b0ab" start="1565982965639" dump="1565982986948"/><sessioninfo id="DESKTOP-UMI476I-748ec985" start="1565983137006" dump="1565983151168"/><sessioninfo id="DESKTOP-UMI476I-855e36ed" start="1565983197445" dump="1565983210697"/><sessioninfo id="DESKTOP-UMI476I-46e12d9d" start="1565983244236" dump="1565983257423"/><sessioninfo id="DESKTOP-UMI476I-5e5261a4" start="1565983423953" dump="1565983437161"/><sessioninfo id="DESKTOP-UMI476I-af971785" start="1565983582779" dump="1565983596103"/><sessioninfo id="DESKTOP-UMI476I-89fc8337" start="1565984625935" dump="1565984647640"/><sessioninfo id="DESKTOP-UMI476I-df08cc16" start="1565984831039" dump="1565984847589"/><sessioninfo id="DESKTOP-UMI476I-e1608ed2" start="1565985113330" dump="1565985127280"/><package name="com/reimbes"><class name="com/reimbes/ActiveTokenRepository" sourcefilename="ActiveTokenRepository.java"/><class name="com/reimbes/ReimsUserRepository" sourcefilename="ReimsUserRepository.java"/><class name="com/reimbes/TransactionRepository" sourcefilename="TransactionRepository.java"/><sourcefile name="ActiveTokenRepository.java"/><sourcefile name="ReimsUserRepository.java"/><sourcefile name="TransactionRepository.java"/></package></report>