<?xml version="1.0" encoding="UTF-8"?>
<testsuite name="com.reimbes.ReimsUserRepositoryTest" time="0.147" tests="3" errors="0" skipped="0" failures="0">
  <properties>
[...]
</properties>
  <testcase name="whenAskedForUserByUsername_thenReturnUser" classname="com.reimbes.ReimsUserRepositoryTest" time="0.069"/>
  <testcase name="checkUserExistanceByUsername" classname="com.reimbes.ReimsUserRepositoryTest" time="0.039"/>
  <testcase name="whenAskedForUserBWithSimiliarAlphabet_thenReturnUsers" classname="com.reimbes.ReimsUserRepositoryTest" time="0.039"/>
</testsuite>